Arguments: 
  /usr/local/bin/node /usr/local/bin/yarn global dir --json

PATH: 
  /usr/local/mysql/bin:/usr/lcoal/opt/redis@6.0/bin:/usr/local/sbin:/usr/local/bin:/Library/Frameworks/Python.framework/Versions/3.9/bin:/usr/local/bin:/usr/bin:/bin:/usr/sbin:/sbin:/usr/local/mysql/bin:/Users/…/apache-maven-3.6.3/bin:/usr/local/bin/node

Yarn version: 
  1.22.10

Node version: 
  14.15.4

Platform: 
  darwin x64

Trace: 
  SyntaxError: /Users/coderq/Desktop/My-Code/react/react17-Test/package.json: Unexpected token } in JSON at position 488
      at JSON.parse (<anonymous>)
      at /usr/local/lib/node_modules/yarn/lib/cli.js:1625:59
      at Generator.next (<anonymous>)
      at step (/usr/local/lib/node_modules/yarn/lib/cli.js:310:30)
      at /usr/local/lib/node_modules/yarn/lib/cli.js:321:13

npm manifest: 
  {
    "name": "react17-test",
    "version": "0.0.0",
    "scripts": {
      "start": "vite",
      "build": "vite build",
      "serve": "vite preview",
      "install:husky": "husky install",
      "lint:pretty": "pretty-quick --staged",
      "lint:lint-staged": "lint-staged -c ./.husky/lintstagedrc.js",
      "lint:eslint": "eslint \"src/**/*.{vue,ts,tsx}\" --fix",
      "lint:stylelint": "stylelint --fix \"**/*.{tsx,less,postcss,css,scss}\" --cache --cache-location node_modules/.cache/stylelint/",
    },
    "dependencies": {
      "react": "^17.0.0",
      "react-dom": "^17.0.0",
      "react-router-dom": "^6.0.0-beta.0"
    },
    "devDependencies": {
      "@commitlint/cli": "^12.1.4",
      "@commitlint/config-conventional": "^12.1.4",
      "@types/node": "^16.3.2",
      "@typescript-eslint/eslint-plugin": "^4.28.3",
      "@typescript-eslint/parser": "^4.28.3",
      "@vitejs/plugin-react-refresh": "^1.3.1",
      "commitizen": "^4.2.4",
      "conventional-changelog-cli": "^2.1.1",
      "eslint": "^7.30.0",
      "eslint-config-prettier": "^8.3.0",
      "eslint-define-config": "^1.0.9",
      "eslint-plugin-prettier": "^3.4.0",
      "eslint-plugin-react": "^7.24.0",
      "husky": "^7.0.1",
      "less": "^4.1.1",
      "prettier": "^2.3.2",
      "pretty-quick": "^3.1.1",
      "standard-version": "^9.3.1",
      "stylelint": "^13.13.1",
      "stylelint-config-prettier": "^8.0.2",
      "stylelint-config-standard": "^22.0.0",
      "stylelint-order": "^4.1.0",
      "typescript": "^4.3.5",
      "vite": "^2.4.2"
    }
  }

yarn manifest: 
  No manifest

Lockfile: 
  No lockfile
